<?xml version="1.0" encoding="UTF-8"?>
<testng-results skipped="0" failed="0" ignored="0" total="4" passed="4">
  <reporter-output>
  </reporter-output>
  <suite name="Suite" duration-ms="79576" started-at="2018-06-14T12:42:05Z" finished-at="2018-06-14T12:43:25Z">
    <groups>
    </groups>
    <test name="SignBookingTest_username_password_valid" duration-ms="79576" started-at="2018-06-14T12:42:05Z" finished-at="2018-06-14T12:43:25Z">
      <class name="com.clearTrip.test.SignInTest">
        <test-method status="PASS" signature="setDriverPath()[pri:0, instance:com.clearTrip.test.SignInTest@47ef968d]" name="setDriverPath" is-config="true" duration-ms="7737" started-at="2018-06-14T18:12:06Z" finished-at="2018-06-14T18:12:14Z">
          <reporter-output>
          </reporter-output>
        </test-method> <!-- setDriverPath -->
        <test-method status="PASS" signature="shouldThrowAnErrorIfSignInDetailsAreMissing(java.lang.String, java.lang.String, java.lang.String)[pri:0, instance:com.clearTrip.test.SignInTest@47ef968d]" name="shouldThrowAnErrorIfSignInDetailsAreMissing" duration-ms="20749" started-at="2018-06-14T18:12:14Z" data-provider="logindata" finished-at="2018-06-14T18:12:35Z">
          <params>
            <param index="0">
              <value>
                <![CDATA[adityap002@gmail.com]]>
              </value>
            </param>
            <param index="1">
              <value>
                <![CDATA[12345]]>
              </value>
            </param>
            <param index="2">
              <value>
                <![CDATA[negative]]>
              </value>
            </param>
          </params>
          <reporter-output>
          </reporter-output>
        </test-method> <!-- shouldThrowAnErrorIfSignInDetailsAreMissing -->
        <test-method status="PASS" signature="shouldThrowAnErrorIfSignInDetailsAreMissing(java.lang.String, java.lang.String, java.lang.String)[pri:0, instance:com.clearTrip.test.SignInTest@47ef968d]" name="shouldThrowAnErrorIfSignInDetailsAreMissing" duration-ms="23840" started-at="2018-06-14T18:12:35Z" data-provider="logindata" finished-at="2018-06-14T18:12:58Z">
          <params>
            <param index="0">
              <value>
                <![CDATA[asdfhk]]>
              </value>
            </param>
            <param index="1">
              <value>
                <![CDATA[Ad!%y@123]]>
              </value>
            </param>
            <param index="2">
              <value>
                <![CDATA[negative]]>
              </value>
            </param>
          </params>
          <reporter-output>
          </reporter-output>
        </test-method> <!-- shouldThrowAnErrorIfSignInDetailsAreMissing -->
        <test-method status="PASS" signature="shouldThrowAnErrorIfSignInDetailsAreMissing(java.lang.String, java.lang.String, java.lang.String)[pri:0, instance:com.clearTrip.test.SignInTest@47ef968d]" name="shouldThrowAnErrorIfSignInDetailsAreMissing" duration-ms="7979" started-at="2018-06-14T18:12:58Z" data-provider="logindata" finished-at="2018-06-14T18:13:06Z">
          <params>
            <param index="0">
              <value>
                <![CDATA[]]>
              </value>
            </param>
            <param index="1">
              <value>
                <![CDATA[]]>
              </value>
            </param>
            <param index="2">
              <value>
                <![CDATA[negative]]>
              </value>
            </param>
          </params>
          <reporter-output>
          </reporter-output>
        </test-method> <!-- shouldThrowAnErrorIfSignInDetailsAreMissing -->
        <test-method status="PASS" signature="shouldThrowAnErrorIfSignInDetailsAreMissing(java.lang.String, java.lang.String, java.lang.String)[pri:0, instance:com.clearTrip.test.SignInTest@47ef968d]" name="shouldThrowAnErrorIfSignInDetailsAreMissing" duration-ms="17082" started-at="2018-06-14T18:13:06Z" data-provider="logindata" finished-at="2018-06-14T18:13:24Z">
          <params>
            <param index="0">
              <value>
                <![CDATA[adityap002@gmail.com]]>
              </value>
            </param>
            <param index="1">
              <value>
                <![CDATA[Ad!%y@123]]>
              </value>
            </param>
            <param index="2">
              <value>
                <![CDATA[positive]]>
              </value>
            </param>
          </params>
          <reporter-output>
          </reporter-output>
        </test-method> <!-- shouldThrowAnErrorIfSignInDetailsAreMissing -->
        <test-method status="PASS" signature="quitBrowser()[pri:0, instance:com.clearTrip.test.SignInTest@47ef968d]" name="quitBrowser" is-config="true" duration-ms="1233" started-at="2018-06-14T18:13:24Z" finished-at="2018-06-14T18:13:25Z">
          <reporter-output>
          </reporter-output>
        </test-method> <!-- quitBrowser -->
      </class> <!-- com.clearTrip.test.SignInTest -->
    </test> <!-- SignBookingTest_username_password_valid -->
  </suite> <!-- Suite -->
</testng-results>
