<?xml version="1.0" encoding="UTF-8"?>
<!-- Generated by org.testng.reporters.JUnitXMLReporter -->
<testsuite hostname="Aditya-Laptop" ignored="0" name="FlightBookingTest" tests="2" failures="0" timestamp="14 Jun 2018 13:40:53 GMT" time="129.103" errors="0">
  <testcase name="testThatResultsAppearForAOneWayJourney" time="32.947" classname="com.clearTrip.test.FlightBookingTest"/>
  <testcase name="testThatResultsAppearForAOneWayJourney" time="86.082" classname="com.clearTrip.test.FlightBookingTest"/>
</testsuite> <!-- FlightBookingTest -->
