<?xml version="1.0" encoding="UTF-8"?>
<!-- Generated by org.testng.reporters.JUnitXMLReporter -->
<testsuite hostname="Aditya-Laptop" ignored="0" name="HotelsBookingTest" tests="2" failures="0" timestamp="14 Jun 2018 13:26:54 GMT" time="67.865" errors="0">
  <testcase name="shouldBeAbleToSearchForHotels" time="32.014" classname="com.clearTrip.test.HotelBookingTest"/>
  <testcase name="shouldBeAbleToSearchForHotels" time="25.002" classname="com.clearTrip.test.HotelBookingTest"/>
</testsuite> <!-- HotelsBookingTest -->
