<?xml version="1.0" encoding="UTF-8"?>
<!-- Generated by org.testng.reporters.JUnitXMLReporter -->
<testsuite hostname="Aditya-Laptop" ignored="0" name="SignBookingTest_username_password_valid" tests="4" failures="0" timestamp="14 Jun 2018 12:43:25 GMT" time="79.576" errors="0">
  <testcase name="shouldThrowAnErrorIfSignInDetailsAreMissing" time="20.749" classname="com.clearTrip.test.SignInTest"/>
  <testcase name="shouldThrowAnErrorIfSignInDetailsAreMissing" time="23.84" classname="com.clearTrip.test.SignInTest"/>
  <testcase name="shouldThrowAnErrorIfSignInDetailsAreMissing" time="7.979" classname="com.clearTrip.test.SignInTest"/>
  <testcase name="shouldThrowAnErrorIfSignInDetailsAreMissing" time="17.082" classname="com.clearTrip.test.SignInTest"/>
</testsuite> <!-- SignBookingTest_username_password_valid -->
