<?xml version="1.0" encoding="UTF-8"?>
<!-- Generated by org.testng.reporters.JUnitXMLReporter -->
<testsuite hostname="Aditya-Laptop" ignored="0" name="SignBookingTest_username_password_valid" tests="8" failures="0" timestamp="14 Jun 2018 14:03:33 GMT" time="250.766" errors="0">
  <testcase name="shouldThrowAnErrorIfSignInDetailsAreMissing" time="16.61" classname="com.clearTrip.test.SignInTest"/>
  <testcase name="shouldThrowAnErrorIfSignInDetailsAreMissing" time="8.595" classname="com.clearTrip.test.SignInTest"/>
  <testcase name="shouldThrowAnErrorIfSignInDetailsAreMissing" time="8.989" classname="com.clearTrip.test.SignInTest"/>
  <testcase name="shouldThrowAnErrorIfSignInDetailsAreMissing" time="16.042" classname="com.clearTrip.test.SignInTest"/>
  <testcase name="shouldBeAbleToSearchForHotels" time="30.452" classname="com.clearTrip.test.HotelBookingTest"/>
  <testcase name="shouldBeAbleToSearchForHotels" time="30.777" classname="com.clearTrip.test.HotelBookingTest"/>
  <testcase name="testThatResultsAppearForAOneWayJourney" time="31.908" classname="com.clearTrip.test.FlightBookingTest"/>
  <testcase name="testThatResultsAppearForAOneWayJourney" time="87.311" classname="com.clearTrip.test.FlightBookingTest"/>
</testsuite> <!-- SignBookingTest_username_password_valid -->
