<?xml version="1.0" encoding="UTF-8"?>
<!-- Generated by org.testng.reporters.JUnitXMLReporter -->
<testsuite hostname="Aditya-Laptop" ignored="0" name="Test" tests="1" failures="1" timestamp="29 May 2018 11:50:41 GMT" time="30.311" errors="0">
  <testcase name="shouldBeAbleToSearchForHotels" time="30.233" classname="com.clearTrip.test.HotelBookingTest">
    <failure type="java.lang.NullPointerException">
      <![CDATA[java.lang.NullPointerException
	at com.clearTrip.test.HotelBookingTest.shouldBeAbleToSearchForHotels(HotelBookingTest.java:45)
... Removed 25 stack frames]]>
    </failure>
  </testcase> <!-- shouldBeAbleToSearchForHotels -->
</testsuite> <!-- Test -->
