<?xml version="1.0" encoding="UTF-8"?>
<!-- Generated by org.testng.reporters.JUnitXMLReporter -->
<testsuite hostname="Aditya-Laptop" ignored="0" name="Test" tests="3" failures="0" timestamp="29 May 2018 21:13:03 GMT" time="154.97" errors="0">
  <testcase name="shouldBeAbleToSearchForHotels" time="51.016" classname="com.clearTrip.test.HotelBookingTest"/>
  <testcase name="testThatResultsAppearForAOneWayJourney" time="50.559" classname="com.clearTrip.test.FlightBookingTest"/>
  <testcase name="shouldThrowAnErrorIfSignInDetailsAreMissing" time="39.899" classname="com.clearTrip.test.SignInTest"/>
</testsuite> <!-- Test -->
